
WaveMaker (rev 3.6.2) log file: 2021-03-09 13:03:13

Pulprog: C:/Bruker/TopSpin3.6.2/exp/stan/nmr/lists/pp/noah2_SB 
Opening: C:/NMR-Data/disk2/nmrsu/Sali_Eth_5/3/wvm.par

sp18(p31): 
 spnam18: wu180Jcomp.wv (496 steps, stepsize 2.7000 us, phi(max) = 0.00 deg)
 p31: 1.3392000 ms
 spw18: 2.7617399 W (-4.41 dB), B1max = 5473.1 Hz (ref: p90=9.80 us @ -17.78 dB)
 B1rms = 5015.8 Hz, 2.3195201 W (-3.65 dB)
 SP saved in C:/Bruker/TopSpin3.6.2/exp/stan/nmr/lists/wave/user/wu180Jcomp.wv

sp3(p14): 
 spnam3: wu180C13.wv (500 steps, stepsize 1.0000 us, phi(max) = 0.00 deg)
 p14: 0.5000000 ms
 spw3: 11.3901234 W (-10.57 dB), B1max = 11114.8 Hz (ref: p90=9.80 us @ -17.78 dB)
 B1rms = 9781.8 Hz, 8.8219073 W (-9.46 dB)
 SP saved in C:/Bruker/TopSpin3.6.2/exp/stan/nmr/lists/wave/user/wu180C13.wv

cpd2: 
 cpdprg2: wudec.cpd 
 pcpd2: 27.9680000 ms 
 spnam15: wudec.wv (7360 steps, stepsize 3.8000 us, phi(max) = 0.00 deg)
 plw12: 1.1266935 W (-0.52 dB), B1max = 3495.8 Hz (ref: p90=9.80 us @ -17.78 dB)
 B1rms = 3077.6 Hz, 0.8732743 W (0.59 dB)
 SP saved in C:/Bruker/TopSpin3.6.2/exp/stan/nmr/lists/wave/user/wudec.wv
 CPD saved in C:/Bruker/TopSpin3.6.2/exp/stan/nmr/lists/cpd/user/wudec.cpd

Experiment Setup:

 cnst2 = 150.68 Hz 
 spnam18 = wu180Jcomp.wv 
 p31 = 1339.2000 us 
 spw18 = 2.76174 W (5473.05 Hz)
 spnam3 = wu180C13.wv 
 p14 = 500.0000 us 
 spw3 = 11.3901 W (11114.82 Hz)
 spnam15 = wudec.wv 
 spw15 = 1.12669 W (3495.76 Hz)
 cpdprg2 = wudec.cpd 
 pcpd2 = 27968.0000 us 
 plw12 = 1.12669 W


Wavemaker auto-setup completed

