
WaveMaker (rev 3.6.2) log file: 2020-02-28 11:32:51

Pulprog: C:/Bruker/TopSpin3.6.2/exp/stan/nmr/lists/pp/user/noah3_SBD 
Opening: C:/NMR-Data/disk2/nmrsu/PSP-SSEA-3/4/wvm.par

sp3(p14): 
 spnam3: wu180C13.wv (500 steps, stepsize 1.0000 us, phi(max) = 0.00 deg)
 p14: 0.5000000 ms
 spw3: 14.8577629 W (-11.72 dB), B1max = 8988.0 Hz (ref: p90=11.00 us @ -19.78 dB)
 B1rms = 7910.1 Hz, 11.5076722 W (-10.61 dB)
 SP saved in C:/Bruker/TopSpin3.6.2/exp/stan/nmr/lists/wave/user/wu180C13.wv

cpd2: 
 cpdprg2: wudec.cpd 
 pcpd2: 27.9680000 ms 
 spnam15: wudec.wv (7360 steps, stepsize 3.8000 us, phi(max) = 0.00 deg)
 plw12: 2.2475603 W (-3.52 dB), B1max = 3495.8 Hz (ref: p90=11.00 us @ -19.78 dB)
 B1rms = 3077.6 Hz, 1.7420324 W (-2.41 dB)
 SP saved in C:/Bruker/TopSpin3.6.2/exp/stan/nmr/lists/wave/user/wudec.wv
 CPD saved in C:/Bruker/TopSpin3.6.2/exp/stan/nmr/lists/cpd/user/wudec.cpd

Experiment Setup:

 spnam3 = wu180C13.wv 
 p14 = 500.0000 us 
 spw3 = 14.8578 W (8987.98 Hz)
 spnam15 = wudec.wv 
 spw15 = 2.24756 W (3495.76 Hz)
 cpdprg2 = wudec.cpd 
 pcpd2 = 27968.0000 us 
 plw12 = 2.24756 W


Wavemaker auto-setup completed

